<?xml version="1.0" encoding="UTF-8"?>
<!-- Generated by org.testng.reporters.JUnitXMLReporter -->
<testsuite ignored="0" hostname="DESKTOP-JO7IUIU" failures="0" tests="3" name="Default test" time="45.855" errors="0" timestamp="2026-09-21T12:37:55 IST">
  <testcase classname="generic_baseClass.BaseClass" name="@BeforeMethod loginToApp" time="17.75">
    <failure type="org.openqa.selenium.StaleElementReferenceException" message="stale element reference: stale element not found
  (Session info: chrome=130.0.6723.70)
For documentation on this error, please visit: https://www.selenium.dev/documentation/webdriver/troubleshooting/errors#staleelementreferenceexception
Build info: version: &amp;apos;4.43.0&amp;apos;, revision: &amp;apos;dd0f534&amp;apos;
System info: os.name: &amp;apos;Windows 10&amp;apos;, os.arch: &amp;apos;amd64&amp;apos;, os.version: &amp;apos;10.0&amp;apos;, java.version: &amp;apos;20.0.2&amp;apos;
Driver info: org.openqa.selenium.chrome.ChromeDriver
Command: [28784abdda9ed90dbae1033da9d74b56, clickElement {id=f.5FE318FAB1E739C3D15270C3C2F09CC8.d.1CC67D9713186C92D60C5EBAC47D4E4D.e.51}]
Capabilities {acceptInsecureCerts: false, browserName: chrome, browserVersion: 130.0.6723.70, chrome: {chromedriverVersion: 130.0.6723.116 (6ac35f94ae3..., userDataDir: C:\Users\Dell\AppData\Local...}, fedcm:accounts: true, goog:chromeOptions: {debuggerAddress: localhost:52233}, networkConnectionEnabled: false, pageLoadStrategy: normal, platformName: windows, proxy: Proxy(), se:cdp: ws://localhost:52233/devtoo..., se:cdpVersion: 130.0.6723.70, setWindowRect: true, strictFileInteractability: false, timeouts: {implicit: 0, pageLoad: 300000, script: 30000}, unhandledPromptBehavior: dismiss and notify, webauthn:extension:credBlob: true, webauthn:extension:largeBlob: true, webauthn:extension:minPinLength: true, webauthn:extension:prf: true, webauthn:virtualAuthenticators: true}
Element: [[ChromeDriver: chrome on windows (28784abdda9ed90dbae1033da9d74b56)] -&amp;gt; xpath: //input[@type=&amp;apos;submit&amp;apos;]]
Session ID: 28784abdda9ed90dbae1033da9d74b56">
      <![CDATA[org.openqa.selenium.StaleElementReferenceException: stale element reference: stale element not found
  (Session info: chrome=130.0.6723.70)
For documentation on this error, please visit: https://www.selenium.dev/documentation/webdriver/troubleshooting/errors#staleelementreferenceexception
Build info: version: '4.43.0', revision: 'dd0f534'
System info: os.name: 'Windows 10', os.arch: 'amd64', os.version: '10.0', java.version: '20.0.2'
Driver info: org.openqa.selenium.chrome.ChromeDriver
Command: [28784abdda9ed90dbae1033da9d74b56, clickElement {id=f.5FE318FAB1E739C3D15270C3C2F09CC8.d.1CC67D9713186C92D60C5EBAC47D4E4D.e.51}]
Capabilities {acceptInsecureCerts: false, browserName: chrome, browserVersion: 130.0.6723.70, chrome: {chromedriverVersion: 130.0.6723.116 (6ac35f94ae3..., userDataDir: C:\Users\Dell\AppData\Local...}, fedcm:accounts: true, goog:chromeOptions: {debuggerAddress: localhost:52233}, networkConnectionEnabled: false, pageLoadStrategy: normal, platformName: windows, proxy: Proxy(), se:cdp: ws://localhost:52233/devtoo..., se:cdpVersion: 130.0.6723.70, setWindowRect: true, strictFileInteractability: false, timeouts: {implicit: 0, pageLoad: 300000, script: 30000}, unhandledPromptBehavior: dismiss and notify, webauthn:extension:credBlob: true, webauthn:extension:largeBlob: true, webauthn:extension:minPinLength: true, webauthn:extension:prf: true, webauthn:virtualAuthenticators: true}
Element: [[ChromeDriver: chrome on windows (28784abdda9ed90dbae1033da9d74b56)] -> xpath: //input[@type='submit']]
Session ID: 28784abdda9ed90dbae1033da9d74b56
at org.openqa.selenium.remote.ErrorCodec.decode(ErrorCodec.java:169)
at org.openqa.selenium.remote.codec.w3c.W3CHttpResponseCodec.decode(W3CHttpResponseCodec.java:142)
at org.openqa.selenium.remote.codec.w3c.W3CHttpResponseCodec.decode(W3CHttpResponseCodec.java:49)
at org.openqa.selenium.remote.HttpCommandExecutor.execute(HttpCommandExecutor.java:223)
at org.openqa.selenium.remote.service.DriverCommandExecutor.invokeExecute(DriverCommandExecutor.java:216)
at org.openqa.selenium.remote.service.DriverCommandExecutor.execute(DriverCommandExecutor.java:174)
at org.openqa.selenium.remote.RemoteWebDriver.execute(RemoteWebDriver.java:606)
at org.openqa.selenium.remote.RemoteWebElement.execute(RemoteWebElement.java:223)
at org.openqa.selenium.remote.RemoteWebElement.click(RemoteWebElement.java:76)
at java.base/jdk.internal.reflect.DirectMethodHandleAccessor.invoke(DirectMethodHandleAccessor.java:104)
at java.base/java.lang.reflect.Method.invoke(Method.java:578)
at org.openqa.selenium.support.pagefactory.internal.LocatingElementHandler.invoke(LocatingElementHandler.java:51)
at jdk.proxy2/jdk.proxy2.$Proxy19.click(Unknown Source)
at object_repository_utility.LoginPage.loginToApp(LoginPage.java:53)
at generic_baseClass.BaseClass.loginToApp(BaseClass.java:81)
at java.base/jdk.internal.reflect.DirectMethodHandleAccessor.invoke(DirectMethodHandleAccessor.java:104)
at java.base/java.lang.reflect.Method.invoke(Method.java:578)
at org.testng.internal.invokers.MethodInvocationHelper.invokeMethod(MethodInvocationHelper.java:141)
at org.testng.internal.invokers.MethodInvocationHelper.invokeMethodConsideringTimeout(MethodInvocationHelper.java:71)
at org.testng.internal.invokers.ConfigInvoker.invokeConfigurationMethod(ConfigInvoker.java:400)
at org.testng.internal.invokers.ConfigInvoker.invokeConfigurations(ConfigInvoker.java:333)
at org.testng.internal.invokers.TestInvoker.runConfigMethods(TestInvoker.java:833)
at org.testng.internal.invokers.TestInvoker.invokeMethod(TestInvoker.java:600)
at org.testng.internal.invokers.TestInvoker.invokeTestMethod(TestInvoker.java:230)
at org.testng.internal.invokers.MethodRunner.runInSequence(MethodRunner.java:63)
at org.testng.internal.invokers.TestInvoker$MethodInvocationAgent.invoke(TestInvoker.java:992)
at org.testng.internal.invokers.TestInvoker.invokeTestMethods(TestInvoker.java:203)
at org.testng.internal.invokers.TestMethodWorker.invokeTestMethods(TestMethodWorker.java:154)
at org.testng.internal.invokers.TestMethodWorker.run(TestMethodWorker.java:134)
at org.testng.internal.thread.ThreadUtil.lambda$execute$0(ThreadUtil.java:64)
at java.base/java.util.concurrent.FutureTask.run(FutureTask.java:317)
at java.base/java.util.concurrent.ThreadPoolExecutor.runWorker(ThreadPoolExecutor.java:1144)
at java.base/java.util.concurrent.ThreadPoolExecutor$Worker.run(ThreadPoolExecutor.java:642)
at java.base/java.lang.Thread.run(Thread.java:1623)
]]>
    </failure>
  </testcase> <!-- @BeforeMethod loginToApp -->
  <testcase classname="generic_baseClass.BaseClass" name="@AfterMethod logoutFromApp" time="0.0">
    <skipped/>
  </testcase> <!-- @AfterMethod logoutFromApp -->
  <testcase classname="generic_baseClass.BaseClass" name="@AfterMethod logoutFromApp" time="0.0">
    <skipped/>
  </testcase> <!-- @AfterMethod logoutFromApp -->
  <testcase classname="generic_baseClass.BaseClass" name="@AfterMethod logoutFromApp" time="0.0">
    <skipped/>
  </testcase> <!-- @AfterMethod logoutFromApp -->
  <testcase classname="generic_baseClass.BaseClass" name="@AfterClass browserClosing" time="0.0">
    <skipped/>
  </testcase> <!-- @AfterClass browserClosing -->
  <testcase classname="com.vitiger_crm.Orgtest.CreateOrganizationWithIndustriesTest" name="createOrganizationWithIndustriesTest" time="0.001">
    <skipped/>
  </testcase> <!-- createOrganizationWithIndustriesTest -->
  <testcase classname="com.vitiger_crm.Orgtest.CreateOrganizationWithIndustriesTest" name="createOrganizationWithIndustriesTest" time="0.0">
    <skipped/>
  </testcase> <!-- createOrganizationWithIndustriesTest -->
  <testcase classname="com.vitiger_crm.Orgtest.CreateOrganizationWithIndustriesTest" name="createOrganizationWithIndustriesTest" time="24.042"/>
</testsuite> <!-- Default test -->
